#
# A fatal error has been detected by the Java Runtime Environment:
#
#  Internal Error (./open/src/hotspot/share/runtime/vmThread.cpp:680), pid=19584, tid=27380
#  fatal error: Nested VM operation CollectForMetadataAllocation requested by operation ChangeBreakpoints
#
# JRE version: Java(TM) SE Runtime Environment 18.9 (11.0.11+9) (build 11.0.11+9-LTS-194)
# Java VM: Java HotSpot(TM) 64-Bit Server VM 18.9 (11.0.11+9-LTS-194, mixed mode, tiered, compressed oops, g1 gc, windows-amd64)
# No core dump will be written. Minidumps are not enabled by default on client versions of Windows
#
# If you would like to submit a bug report, please visit:
#   https://bugreport.java.com/bugreport/crash.jsp
#

---------------  S U M M A R Y ------------

Command Line: -agentlib:jdwp=transport=dt_socket,address=127.0.0.1:56665,suspend=y,server=n -javaagent:C:\DevTools\ideaIC-2021.1.1.win\plugins\java\lib\rt\debugger-agent.jar -Dfile.encoding=UTF-8 com.autotov.AutotovApplication

Host: Intel(R) Core(TM) i7-10850H CPU @ 2.70GHz, 12 cores, 31G,  Windows 10 , 64 bit Build 19041 (10.0.19041.2364)
Time: Sun Feb 19 13:50:52 2023 Jerusalem Standard Time elapsed time: 96.428414 seconds (0d 0h 1m 36s)

---------------  T H R E A D  ---------------

Current thread (0x0000025eec509800):  VMThread "VM Thread" [stack: 0x000000e031a00000,0x000000e031b00000] [id=27380]

Stack: [0x000000e031a00000,0x000000e031b00000]
[error occurred during error reporting (printing stack bounds), id 0xc0000005, EXCEPTION_ACCESS_VIOLATION (0xc0000005) at pc=0x0000025ec6ad0f2d]

Native frames: (J=compiled Java code, j=interpreted, Vv=VM code, C=native code)
V  [jvm.dll+0x616f2a]
V  [jvm.dll+0x74de7f]
V  [jvm.dll+0x74f505]
V  [jvm.dll+0x74fae5]
V  [jvm.dll+0x74fa9b]
V  [jvm.dll+0x616763]
V  [jvm.dll+0x616b28]
C  [ntdll.dll+0xa241f]
C  [ntdll.dll+0x514a4]
C  [ntdll.dll+0xa0f4e]
C  0x0000025ec6ad0f2d

VM_Operation (0x000000e0324fef40): ChangeBreakpoints, mode: safepoint, requested by thread 0x0000025eec9dc800


---------------  P R O C E S S  ---------------

Threads class SMR info:
_java_thread_list=0x0000025eede978e0, length=41, elements={
0x0000025eec50c000, 0x0000025eec50d800, 0x0000025eec585800, 0x0000025eec587000,
0x0000025eec58b000, 0x0000025eec59a800, 0x0000025eec59e000, 0x0000025eec715000,
0x0000025eec9dc800, 0x0000025eec90e800, 0x0000025eec90f800, 0x0000025eeca05800,
0x0000025eedab0000, 0x0000025ef1084000, 0x0000025eeff63800, 0x0000025ef1237000,
0x0000025ef6de4000, 0x0000025ef1d32800, 0x0000025ef1291800, 0x0000025ef11dd000,
0x0000025ef11dd800, 0x0000025ef257c800, 0x0000025ef1099000, 0x0000025ef109a000,
0x0000025ef109a800, 0x0000025ef109c800, 0x0000025ef109d000, 0x0000025ef109e000,
0x0000025ef1098800, 0x0000025ef109f000, 0x0000025ef28cd800, 0x0000025ef28c8000,
0x0000025ef28c9800, 0x0000025ef28cd000, 0x0000025ef28cb800, 0x0000025ef28cc000,
0x0000025ef28ce800, 0x0000025ef28c9000, 0x0000025ef28cf800, 0x0000025ef28ca800,
0x0000025ef28d4800
}

Java Threads: ( => current thread )
  0x0000025eec50c000 JavaThread "Reference Handler" daemon [_thread_blocked, id=22292, stack(0x000000e031b00000,0x000000e031c00000)]
  0x0000025eec50d800 JavaThread "Finalizer" daemon [_thread_blocked, id=29884, stack(0x000000e031c00000,0x000000e031d00000)]
  0x0000025eec585800 JavaThread "Signal Dispatcher" daemon [_thread_blocked, id=23296, stack(0x000000e031d00000,0x000000e031e00000)]
  0x0000025eec587000 JavaThread "Attach Listener" daemon [_thread_blocked, id=15496, stack(0x000000e031e00000,0x000000e031f00000)]
  0x0000025eec58b000 JavaThread "C2 CompilerThread0" daemon [_thread_blocked, id=21832, stack(0x000000e031f00000,0x000000e032000000)]
  0x0000025eec59a800 JavaThread "C1 CompilerThread0" daemon [_thread_blocked, id=31600, stack(0x000000e032000000,0x000000e032100000)]
  0x0000025eec59e000 JavaThread "Sweeper thread" daemon [_thread_blocked, id=11424, stack(0x000000e032100000,0x000000e032200000)]
  0x0000025eec715000 JavaThread "Common-Cleaner" daemon [_thread_blocked, id=25688, stack(0x000000e032200000,0x000000e032300000)]
  0x0000025eec9dc800 JavaThread "JDWP Transport Listener: dt_socket" daemon [_thread_blocked, id=22008, stack(0x000000e032400000,0x000000e032500000)]
  0x0000025eec90e800 JavaThread "JDWP Event Helper Thread" daemon [_thread_blocked, id=29932, stack(0x000000e032500000,0x000000e032600000)]
  0x0000025eec90f800 JavaThread "JDWP Command Reader" daemon [_thread_in_native, id=28192, stack(0x000000e032600000,0x000000e032700000)]
  0x0000025eeca05800 JavaThread "Service Thread" daemon [_thread_blocked, id=28772, stack(0x000000e032700000,0x000000e032800000)]
  0x0000025eedab0000 JavaThread "pool-1-thread-1" [_thread_in_native, id=23188, stack(0x000000e033500000,0x000000e033600000)]
  0x0000025ef1084000 JavaThread "I/O dispatcher 1" [_thread_in_native, id=29108, stack(0x000000e033600000,0x000000e033700000)]
  0x0000025eeff63800 JavaThread "I/O dispatcher 2" [_thread_in_native, id=10684, stack(0x000000e033700000,0x000000e033800000)]
  0x0000025ef1237000 JavaThread "I/O dispatcher 3" [_thread_in_native, id=9192, stack(0x000000e033800000,0x000000e033900000)]
  0x0000025ef6de4000 JavaThread "I/O dispatcher 4" [_thread_in_native, id=30740, stack(0x000000e033900000,0x000000e033a00000)]
  0x0000025ef1d32800 JavaThread "I/O dispatcher 5" [_thread_in_native, id=26816, stack(0x000000e033a00000,0x000000e033b00000)]
  0x0000025ef1291800 JavaThread "I/O dispatcher 6" [_thread_in_native, id=27768, stack(0x000000e033b00000,0x000000e033c00000)]
  0x0000025ef11dd000 JavaThread "I/O dispatcher 7" [_thread_in_native, id=31276, stack(0x000000e033c00000,0x000000e033d00000)]
  0x0000025ef11dd800 JavaThread "I/O dispatcher 8" [_thread_in_native, id=7600, stack(0x000000e033d00000,0x000000e033e00000)]
  0x0000025ef257c800 JavaThread "I/O dispatcher 9" [_thread_in_native, id=31724, stack(0x000000e033e00000,0x000000e033f00000)]
  0x0000025ef1099000 JavaThread "I/O dispatcher 10" [_thread_in_native, id=24460, stack(0x000000e033f00000,0x000000e034000000)]
  0x0000025ef109a000 JavaThread "I/O dispatcher 11" [_thread_in_native, id=32840, stack(0x000000e034000000,0x000000e034100000)]
  0x0000025ef109a800 JavaThread "I/O dispatcher 12" [_thread_in_native, id=23412, stack(0x000000e034100000,0x000000e034200000)]
  0x0000025ef109c800 JavaThread "Catalina-utility-1" [_thread_blocked, id=32896, stack(0x000000e034300000,0x000000e034400000)]
  0x0000025ef109d000 JavaThread "Catalina-utility-2" [_thread_blocked, id=26340, stack(0x000000e034400000,0x000000e034500000)]
  0x0000025ef109e000 JavaThread "container-0" [_thread_blocked, id=2112, stack(0x000000e034500000,0x000000e034600000)]
  0x0000025ef1098800 JavaThread "http-nio-8080-exec-1" daemon [_thread_blocked, id=14448, stack(0x000000e034600000,0x000000e034700000)]
  0x0000025ef109f000 JavaThread "http-nio-8080-exec-2" daemon [_thread_blocked, id=30204, stack(0x000000e034700000,0x000000e034800000)]
  0x0000025ef28cd800 JavaThread "http-nio-8080-exec-3" daemon [_thread_blocked, id=31980, stack(0x000000e034800000,0x000000e034900000)]
  0x0000025ef28c8000 JavaThread "http-nio-8080-exec-4" daemon [_thread_blocked, id=4384, stack(0x000000e034900000,0x000000e034a00000)]
  0x0000025ef28c9800 JavaThread "http-nio-8080-exec-5" daemon [_thread_blocked, id=23008, stack(0x000000e034a00000,0x000000e034b00000)]
  0x0000025ef28cd000 JavaThread "http-nio-8080-exec-6" daemon [_thread_blocked, id=32568, stack(0x000000e034b00000,0x000000e034c00000)]
  0x0000025ef28cb800 JavaThread "http-nio-8080-exec-7" daemon [_thread_blocked, id=29524, stack(0x000000e034c00000,0x000000e034d00000)]
  0x0000025ef28cc000 JavaThread "http-nio-8080-exec-8" daemon [_thread_blocked, id=33276, stack(0x000000e034d00000,0x000000e034e00000)]
  0x0000025ef28ce800 JavaThread "http-nio-8080-exec-9" daemon [_thread_blocked, id=29304, stack(0x000000e034e00000,0x000000e034f00000)]
  0x0000025ef28c9000 JavaThread "http-nio-8080-exec-10" daemon [_thread_blocked, id=25188, stack(0x000000e034f00000,0x000000e035000000)]
  0x0000025ef28cf800 JavaThread "http-nio-8080-Poller" daemon [_thread_in_native, id=22512, stack(0x000000e035000000,0x000000e035100000)]
  0x0000025ef28ca800 JavaThread "http-nio-8080-Acceptor" daemon [_thread_in_native, id=25628, stack(0x000000e035100000,0x000000e035200000)]
  0x0000025ef28d4800 JavaThread "DestroyJavaVM" [_thread_blocked, id=24340, stack(0x000000e031400000,0x000000e031500000)]

Other Threads:
=>0x0000025eec509800 VMThread "VM Thread" [stack: 0x000000e031a00000,0x000000e031b00000] [id=27380]
  0x0000025eecb53800 WatcherThread [stack: 0x000000e032800000,0x000000e032900000] [id=27152]
  0x0000025ebe655000 GCTaskThread "GC Thread#0" [stack: 0x000000e031500000,0x000000e031600000] [id=20652]
  0x0000025eed640000 GCTaskThread "GC Thread#1" [stack: 0x000000e032900000,0x000000e032a00000] [id=19508]
  0x0000025eed640800 GCTaskThread "GC Thread#2" [stack: 0x000000e032a00000,0x000000e032b00000] [id=31684]
  0x0000025eed641800 GCTaskThread "GC Thread#3" [stack: 0x000000e032b00000,0x000000e032c00000] [id=29908]
  0x0000025eed4c9800 GCTaskThread "GC Thread#4" [stack: 0x000000e032c00000,0x000000e032d00000] [id=15568]
  0x0000025eed4ca800 GCTaskThread "GC Thread#5" [stack: 0x000000e032d00000,0x000000e032e00000] [id=30308]
  0x0000025eed4cb000 GCTaskThread "GC Thread#6" [stack: 0x000000e032e00000,0x000000e032f00000] [id=18376]
  0x0000025eed4cc000 GCTaskThread "GC Thread#7" [stack: 0x000000e032f00000,0x000000e033000000] [id=29680]
  0x0000025eed4ce800 GCTaskThread "GC Thread#8" [stack: 0x000000e033000000,0x000000e033100000] [id=18132]
  0x0000025eed5cc000 GCTaskThread "GC Thread#9" [stack: 0x000000e033100000,0x000000e033200000] [id=8788]
  0x0000025ebe6d4800 ConcurrentGCThread "G1 Main Marker" [stack: 0x000000e031600000,0x000000e031700000] [id=28308]
  0x0000025ebe6d7000 ConcurrentGCThread "G1 Conc#0" [stack: 0x000000e031700000,0x000000e031800000] [id=24156]
  0x0000025eed772000 ConcurrentGCThread "G1 Conc#1" [stack: 0x000000e033300000,0x000000e033400000] [id=29812]
  0x0000025eed8fd000 ConcurrentGCThread "G1 Conc#2" [stack: 0x000000e033400000,0x000000e033500000] [id=30532]
  0x0000025eeb948000 ConcurrentGCThread "G1 Refine#0" [stack: 0x000000e031800000,0x000000e031900000] [id=19920]
  0x0000025eeb949000 ConcurrentGCThread "G1 Young RemSet Sampling" [stack: 0x000000e031900000,0x000000e031a00000] [id=6472]

Threads with active compile tasks:

VM state:at safepoint (normal execution)

VM Mutex/Monitor currently owned by a thread:  ([mutex/lock_event])
[0x0000025ebe63a6a0] Threads_lock - owner thread: 0x0000025eec509800

Heap address: 0x0000000603e00000, size: 8130 MB, Compressed Oops mode: Zero based, Oop shift amount: 3
Narrow klass base: 0x0000000800000000, Narrow klass shift: 0
Compressed class space size: 1073741824 Address: 0x0000000800000000

Heap:
 garbage-first heap   total 522240K, used 230275K [0x0000000603e00000, 0x0000000800000000)
  region size 2048K, 111 young (227328K), 13 survivors (26624K)
 Metaspace       used 58367K, capacity 60128K, committed 60240K, reserved 1101824K
  class space    used 6876K, capacity 7622K, committed 7680K, reserved 1048576K
Heap Regions: E=young(eden), S=young(survivor), O=old, HS=humongous(starts), HC=humongous(continues), CS=collection set, F=free, A=archive, TAMS=top-at-mark-start (previous, next)
|   0|0x0000000603e00000, 0x0000000604000000, 0x0000000604000000|100%| O|  |TAMS 0x0000000604000000, 0x0000000603e00000| Untracked 
|   1|0x0000000604000000, 0x0000000604200000, 0x0000000604200000|100%| O|  |TAMS 0x0000000604200000, 0x0000000604000000| Untracked 
|   2|0x0000000604200000, 0x0000000604400000, 0x0000000604400000|100%| O|  |TAMS 0x0000000604400000, 0x0000000604200000| Untracked 
|   3|0x0000000604400000, 0x000000060455b800, 0x0000000604600000| 67%| O|  |TAMS 0x000000060455b800, 0x0000000604400000| Untracked 
|   4|0x0000000604600000, 0x0000000604600000, 0x0000000604800000|  0%| F|  |TAMS 0x0000000604600000, 0x0000000604600000| Untracked 
|   5|0x0000000604800000, 0x0000000604800000, 0x0000000604a00000|  0%| F|  |TAMS 0x0000000604800000, 0x0000000604800000| Untracked 
|   6|0x0000000604a00000, 0x0000000604a00000, 0x0000000604c00000|  0%| F|  |TAMS 0x0000000604a00000, 0x0000000604a00000| Untracked 
|   7|0x0000000604c00000, 0x0000000604c00000, 0x0000000604e00000|  0%| F|  |TAMS 0x0000000604c00000, 0x0000000604c00000| Untracked 
|   8|0x0000000604e00000, 0x0000000604e00000, 0x0000000605000000|  0%| F|  |TAMS 0x0000000604e00000, 0x0000000604e00000| Untracked 
|   9|0x0000000605000000, 0x0000000605000000, 0x0000000605200000|  0%| F|  |TAMS 0x0000000605000000, 0x0000000605000000| Untracked 
|  10|0x0000000605200000, 0x0000000605200000, 0x0000000605400000|  0%| F|  |TAMS 0x0000000605200000, 0x0000000605200000| Untracked 
|  11|0x0000000605400000, 0x0000000605400000, 0x0000000605600000|  0%| F|  |TAMS 0x0000000605400000, 0x0000000605400000| Untracked 
|  12|0x0000000605600000, 0x0000000605600000, 0x0000000605800000|  0%| F|  |TAMS 0x0000000605600000, 0x0000000605600000| Untracked 
|  13|0x0000000605800000, 0x0000000605800000, 0x0000000605a00000|  0%| F|  |TAMS 0x0000000605800000, 0x0000000605800000| Untracked 
|  14|0x0000000605a00000, 0x0000000605a00000, 0x0000000605c00000|  0%| F|  |TAMS 0x0000000605a00000, 0x0000000605a00000| Untracked 
|  15|0x0000000605c00000, 0x0000000605c00000, 0x0000000605e00000|  0%| F|  |TAMS 0x0000000605c00000, 0x0000000605c00000| Untracked 
|  16|0x0000000605e00000, 0x0000000605e00000, 0x0000000606000000|  0%| F|  |TAMS 0x0000000605e00000, 0x0000000605e00000| Untracked 
|  17|0x0000000606000000, 0x0000000606000000, 0x0000000606200000|  0%| F|  |TAMS 0x0000000606000000, 0x0000000606000000| Untracked 
|  18|0x0000000606200000, 0x0000000606200000, 0x0000000606400000|  0%| F|  |TAMS 0x0000000606200000, 0x0000000606200000| Untracked 
|  19|0x0000000606400000, 0x0000000606400000, 0x0000000606600000|  0%| F|  |TAMS 0x0000000606400000, 0x0000000606400000| Untracked 
|  20|0x0000000606600000, 0x0000000606600000, 0x0000000606800000|  0%| F|  |TAMS 0x0000000606600000, 0x0000000606600000| Untracked 
|  21|0x0000000606800000, 0x0000000606800000, 0x0000000606a00000|  0%| F|  |TAMS 0x0000000606800000, 0x0000000606800000| Untracked 
|  22|0x0000000606a00000, 0x0000000606a00000, 0x0000000606c00000|  0%| F|  |TAMS 0x0000000606a00000, 0x0000000606a00000| Untracked 
|  23|0x0000000606c00000, 0x0000000606c00000, 0x0000000606e00000|  0%| F|  |TAMS 0x0000000606c00000, 0x0000000606c00000| Untracked 
|  24|0x0000000606e00000, 0x0000000606e00000, 0x0000000607000000|  0%| F|  |TAMS 0x0000000606e00000, 0x0000000606e00000| Untracked 
|  25|0x0000000607000000, 0x0000000607000000, 0x0000000607200000|  0%| F|  |TAMS 0x0000000607000000, 0x0000000607000000| Untracked 
|  26|0x0000000607200000, 0x0000000607200000, 0x0000000607400000|  0%| F|  |TAMS 0x0000000607200000, 0x0000000607200000| Untracked 
|  27|0x0000000607400000, 0x0000000607400000, 0x0000000607600000|  0%| F|  |TAMS 0x0000000607400000, 0x0000000607400000| Untracked 
|  28|0x0000000607600000, 0x0000000607600000, 0x0000000607800000|  0%| F|  |TAMS 0x0000000607600000, 0x0000000607600000| Untracked 
|  29|0x0000000607800000, 0x0000000607800000, 0x0000000607a00000|  0%| F|  |TAMS 0x0000000607800000, 0x0000000607800000| Untracked 
|  30|0x0000000607a00000, 0x0000000607a00000, 0x0000000607c00000|  0%| F|  |TAMS 0x0000000607a00000, 0x0000000607a00000| Untracked 
|  31|0x0000000607c00000, 0x0000000607c00000, 0x0000000607e00000|  0%| F|  |TAMS 0x0000000607c00000, 0x0000000607c00000| Untracked 
|  32|0x0000000607e00000, 0x0000000607e00000, 0x0000000608000000|  0%| F|  |TAMS 0x0000000607e00000, 0x0000000607e00000| Untracked 
|  33|0x0000000608000000, 0x0000000608000000, 0x0000000608200000|  0%| F|  |TAMS 0x0000000608000000, 0x0000000608000000| Untracked 
|  34|0x0000000608200000, 0x0000000608200000, 0x0000000608400000|  0%| F|  |TAMS 0x0000000608200000, 0x0000000608200000| Untracked 
|  35|0x0000000608400000, 0x0000000608400000, 0x0000000608600000|  0%| F|  |TAMS 0x0000000608400000, 0x0000000608400000| Untracked 
|  36|0x0000000608600000, 0x0000000608600000, 0x0000000608800000|  0%| F|  |TAMS 0x0000000608600000, 0x0000000608600000| Untracked 
|  37|0x0000000608800000, 0x0000000608800000, 0x0000000608a00000|  0%| F|  |TAMS 0x0000000608800000, 0x0000000608800000| Untracked 
|  38|0x0000000608a00000, 0x0000000608a00000, 0x0000000608c00000|  0%| F|  |TAMS 0x0000000608a00000, 0x0000000608a00000| Untracked 
|  39|0x0000000608c00000, 0x0000000608c00000, 0x0000000608e00000|  0%| F|  |TAMS 0x0000000608c00000, 0x0000000608c00000| Untracked 
|  40|0x0000000608e00000, 0x0000000608e00000, 0x0000000609000000|  0%| F|  |TAMS 0x0000000608e00000, 0x0000000608e00000| Untracked 
|  41|0x0000000609000000, 0x0000000609000000, 0x0000000609200000|  0%| F|  |TAMS 0x0000000609000000, 0x0000000609000000| Untracked 
|  42|0x0000000609200000, 0x0000000609200000, 0x0000000609400000|  0%| F|  |TAMS 0x0000000609200000, 0x0000000609200000| Untracked 
|  43|0x0000000609400000, 0x0000000609400000, 0x0000000609600000|  0%| F|  |TAMS 0x0000000609400000, 0x0000000609400000| Untracked 
|  44|0x0000000609600000, 0x0000000609600000, 0x0000000609800000|  0%| F|  |TAMS 0x0000000609600000, 0x0000000609600000| Untracked 
|  45|0x0000000609800000, 0x0000000609800000, 0x0000000609a00000|  0%| F|  |TAMS 0x0000000609800000, 0x0000000609800000| Untracked 
|  46|0x0000000609a00000, 0x0000000609a00000, 0x0000000609c00000|  0%| F|  |TAMS 0x0000000609a00000, 0x0000000609a00000| Untracked 
|  47|0x0000000609c00000, 0x0000000609c00000, 0x0000000609e00000|  0%| F|  |TAMS 0x0000000609c00000, 0x0000000609c00000| Untracked 
|  48|0x0000000609e00000, 0x0000000609e00000, 0x000000060a000000|  0%| F|  |TAMS 0x0000000609e00000, 0x0000000609e00000| Untracked 
|  49|0x000000060a000000, 0x000000060a000000, 0x000000060a200000|  0%| F|  |TAMS 0x000000060a000000, 0x000000060a000000| Untracked 
|  50|0x000000060a200000, 0x000000060a200000, 0x000000060a400000|  0%| F|  |TAMS 0x000000060a200000, 0x000000060a200000| Untracked 
|  51|0x000000060a400000, 0x000000060a400000, 0x000000060a600000|  0%| F|  |TAMS 0x000000060a400000, 0x000000060a400000| Untracked 
|  52|0x000000060a600000, 0x000000060a600000, 0x000000060a800000|  0%| F|  |TAMS 0x000000060a600000, 0x000000060a600000| Untracked 
|  53|0x000000060a800000, 0x000000060a800000, 0x000000060aa00000|  0%| F|  |TAMS 0x000000060a800000, 0x000000060a800000| Untracked 
|  54|0x000000060aa00000, 0x000000060aa00000, 0x000000060ac00000|  0%| F|  |TAMS 0x000000060aa00000, 0x000000060aa00000| Untracked 
|  55|0x000000060ac00000, 0x000000060ac00000, 0x000000060ae00000|  0%| F|  |TAMS 0x000000060ac00000, 0x000000060ac00000| Untracked 
|  56|0x000000060ae00000, 0x000000060ae00000, 0x000000060b000000|  0%| F|  |TAMS 0x000000060ae00000, 0x000000060ae00000| Untracked 
|  57|0x000000060b000000, 0x000000060b000000, 0x000000060b200000|  0%| F|  |TAMS 0x000000060b000000, 0x000000060b000000| Untracked 
|  58|0x000000060b200000, 0x000000060b200000, 0x000000060b400000|  0%| F|  |TAMS 0x000000060b200000, 0x000000060b200000| Untracked 
|  59|0x000000060b400000, 0x000000060b400000, 0x000000060b600000|  0%| F|  |TAMS 0x000000060b400000, 0x000000060b400000| Untracked 
|  60|0x000000060b600000, 0x000000060b600000, 0x000000060b800000|  0%| F|  |TAMS 0x000000060b600000, 0x000000060b600000| Untracked 
|  61|0x000000060b800000, 0x000000060b800000, 0x000000060ba00000|  0%| F|  |TAMS 0x000000060b800000, 0x000000060b800000| Untracked 
|  62|0x000000060ba00000, 0x000000060ba00000, 0x000000060bc00000|  0%| F|  |TAMS 0x000000060ba00000, 0x000000060ba00000| Untracked 
|  63|0x000000060bc00000, 0x000000060bc00000, 0x000000060be00000|  0%| F|  |TAMS 0x000000060bc00000, 0x000000060bc00000| Untracked 
|  64|0x000000060be00000, 0x000000060be00000, 0x000000060c000000|  0%| F|  |TAMS 0x000000060be00000, 0x000000060be00000| Untracked 
|  65|0x000000060c000000, 0x000000060c000000, 0x000000060c200000|  0%| F|  |TAMS 0x000000060c000000, 0x000000060c000000| Untracked 
|  66|0x000000060c200000, 0x000000060c200000, 0x000000060c400000|  0%| F|  |TAMS 0x000000060c200000, 0x000000060c200000| Untracked 
|  67|0x000000060c400000, 0x000000060c400000, 0x000000060c600000|  0%| F|  |TAMS 0x000000060c400000, 0x000000060c400000| Untracked 
|  68|0x000000060c600000, 0x000000060c600000, 0x000000060c800000|  0%| F|  |TAMS 0x000000060c600000, 0x000000060c600000| Untracked 
|  69|0x000000060c800000, 0x000000060c800000, 0x000000060ca00000|  0%| F|  |TAMS 0x000000060c800000, 0x000000060c800000| Untracked 
|  70|0x000000060ca00000, 0x000000060ca00000, 0x000000060cc00000|  0%| F|  |TAMS 0x000000060ca00000, 0x000000060ca00000| Untracked 
|  71|0x000000060cc00000, 0x000000060cc00000, 0x000000060ce00000|  0%| F|  |TAMS 0x000000060cc00000, 0x000000060cc00000| Untracked 
|  72|0x000000060ce00000, 0x000000060ce00000, 0x000000060d000000|  0%| F|  |TAMS 0x000000060ce00000, 0x000000060ce00000| Untracked 
|  73|0x000000060d000000, 0x000000060d000000, 0x000000060d200000|  0%| F|  |TAMS 0x000000060d000000, 0x000000060d000000| Untracked 
|  74|0x000000060d200000, 0x000000060d200000, 0x000000060d400000|  0%| F|  |TAMS 0x000000060d200000, 0x000000060d200000| Untracked 
|  75|0x000000060d400000, 0x000000060d400000, 0x000000060d600000|  0%| F|  |TAMS 0x000000060d400000, 0x000000060d400000| Untracked 
|  76|0x000000060d600000, 0x000000060d600000, 0x000000060d800000|  0%| F|  |TAMS 0x000000060d600000, 0x000000060d600000| Untracked 
|  77|0x000000060d800000, 0x000000060d800000, 0x000000060da00000|  0%| F|  |TAMS 0x000000060d800000, 0x000000060d800000| Untracked 
|  78|0x000000060da00000, 0x000000060da00000, 0x000000060dc00000|  0%| F|  |TAMS 0x000000060da00000, 0x000000060da00000| Untracked 
|  79|0x000000060dc00000, 0x000000060dc00000, 0x000000060de00000|  0%| F|  |TAMS 0x000000060dc00000, 0x000000060dc00000| Untracked 
|  80|0x000000060de00000, 0x000000060de00000, 0x000000060e000000|  0%| F|  |TAMS 0x000000060de00000, 0x000000060de00000| Untracked 
|  81|0x000000060e000000, 0x000000060e000000, 0x000000060e200000|  0%| F|  |TAMS 0x000000060e000000, 0x000000060e000000| Untracked 
|  82|0x000000060e200000, 0x000000060e200000, 0x000000060e400000|  0%| F|  |TAMS 0x000000060e200000, 0x000000060e200000| Untracked 
|  83|0x000000060e400000, 0x000000060e400000, 0x000000060e600000|  0%| F|  |TAMS 0x000000060e400000, 0x000000060e400000| Untracked 
|  84|0x000000060e600000, 0x000000060e600000, 0x000000060e800000|  0%| F|  |TAMS 0x000000060e600000, 0x000000060e600000| Untracked 
|  85|0x000000060e800000, 0x000000060e800000, 0x000000060ea00000|  0%| F|  |TAMS 0x000000060e800000, 0x000000060e800000| Untracked 
|  86|0x000000060ea00000, 0x000000060ea00000, 0x000000060ec00000|  0%| F|  |TAMS 0x000000060ea00000, 0x000000060ea00000| Untracked 
|  87|0x000000060ec00000, 0x000000060ec00000, 0x000000060ee00000|  0%| F|  |TAMS 0x000000060ec00000, 0x000000060ec00000| Untracked 
|  88|0x000000060ee00000, 0x000000060ee00000, 0x000000060f000000|  0%| F|  |TAMS 0x000000060ee00000, 0x000000060ee00000| Untracked 
|  89|0x000000060f000000, 0x000000060f000000, 0x000000060f200000|  0%| F|  |TAMS 0x000000060f000000, 0x000000060f000000| Untracked 
|  90|0x000000060f200000, 0x000000060f200000, 0x000000060f400000|  0%| F|  |TAMS 0x000000060f200000, 0x000000060f200000| Untracked 
|  91|0x000000060f400000, 0x000000060f400000, 0x000000060f600000|  0%| F|  |TAMS 0x000000060f400000, 0x000000060f400000| Untracked 
|  92|0x000000060f600000, 0x000000060f600000, 0x000000060f800000|  0%| F|  |TAMS 0x000000060f600000, 0x000000060f600000| Untracked 
|  93|0x000000060f800000, 0x000000060f800000, 0x000000060fa00000|  0%| F|  |TAMS 0x000000060f800000, 0x000000060f800000| Untracked 
|  94|0x000000060fa00000, 0x000000060fa00000, 0x000000060fc00000|  0%| F|  |TAMS 0x000000060fa00000, 0x000000060fa00000| Untracked 
|  95|0x000000060fc00000, 0x000000060fc00000, 0x000000060fe00000|  0%| F|  |TAMS 0x000000060fc00000, 0x000000060fc00000| Untracked 
|  96|0x000000060fe00000, 0x000000060fe00000, 0x0000000610000000|  0%| F|  |TAMS 0x000000060fe00000, 0x000000060fe00000| Untracked 
|  97|0x0000000610000000, 0x0000000610000000, 0x0000000610200000|  0%| F|  |TAMS 0x0000000610000000, 0x0000000610000000| Untracked 
|  98|0x0000000610200000, 0x0000000610200000, 0x0000000610400000|  0%| F|  |TAMS 0x0000000610200000, 0x0000000610200000| Untracked 
|  99|0x0000000610400000, 0x0000000610400000, 0x0000000610600000|  0%| F|  |TAMS 0x0000000610400000, 0x0000000610400000| Untracked 
| 100|0x0000000610600000, 0x0000000610600000, 0x0000000610800000|  0%| F|  |TAMS 0x0000000610600000, 0x0000000610600000| Untracked 
| 101|0x0000000610800000, 0x0000000610800000, 0x0000000610a00000|  0%| F|  |TAMS 0x0000000610800000, 0x0000000610800000| Untracked 
| 102|0x0000000610a00000, 0x0000000610a00000, 0x0000000610c00000|  0%| F|  |TAMS 0x0000000610a00000, 0x0000000610a00000| Untracked 
| 103|0x0000000610c00000, 0x0000000610c00000, 0x0000000610e00000|  0%| F|  |TAMS 0x0000000610c00000, 0x0000000610c00000| Untracked 
| 104|0x0000000610e00000, 0x0000000610e00000, 0x0000000611000000|  0%| F|  |TAMS 0x0000000610e00000, 0x0000000610e00000| Untracked 
| 105|0x0000000611000000, 0x0000000611000000, 0x0000000611200000|  0%| F|  |TAMS 0x0000000611000000, 0x0000000611000000| Untracked 
| 106|0x0000000611200000, 0x0000000611200000, 0x0000000611400000|  0%| F|  |TAMS 0x0000000611200000, 0x0000000611200000| Untracked 
| 107|0x0000000611400000, 0x0000000611400000, 0x0000000611600000|  0%| F|  |TAMS 0x0000000611400000, 0x0000000611400000| Untracked 
| 108|0x0000000611600000, 0x0000000611600000, 0x0000000611800000|  0%| F|  |TAMS 0x0000000611600000, 0x0000000611600000| Untracked 
| 109|0x0000000611800000, 0x0000000611800000, 0x0000000611a00000|  0%| F|  |TAMS 0x0000000611800000, 0x0000000611800000| Untracked 
| 110|0x0000000611a00000, 0x0000000611a00000, 0x0000000611c00000|  0%| F|  |TAMS 0x0000000611a00000, 0x0000000611a00000| Untracked 
| 111|0x0000000611c00000, 0x0000000611c00000, 0x0000000611e00000|  0%| F|  |TAMS 0x0000000611c00000, 0x0000000611c00000| Untracked 
| 112|0x0000000611e00000, 0x0000000611e00000, 0x0000000612000000|  0%| F|  |TAMS 0x0000000611e00000, 0x0000000611e00000| Untracked 
| 113|0x0000000612000000, 0x0000000612000000, 0x0000000612200000|  0%| F|  |TAMS 0x0000000612000000, 0x0000000612000000| Untracked 
| 114|0x0000000612200000, 0x0000000612200000, 0x0000000612400000|  0%| F|  |TAMS 0x0000000612200000, 0x0000000612200000| Untracked 
| 115|0x0000000612400000, 0x0000000612400000, 0x0000000612600000|  0%| F|  |TAMS 0x0000000612400000, 0x0000000612400000| Untracked 
| 116|0x0000000612600000, 0x0000000612600000, 0x0000000612800000|  0%| F|  |TAMS 0x0000000612600000, 0x0000000612600000| Untracked 
| 117|0x0000000612800000, 0x0000000612800000, 0x0000000612a00000|  0%| F|  |TAMS 0x0000000612800000, 0x0000000612800000| Untracked 
| 118|0x0000000612a00000, 0x0000000612a00000, 0x0000000612c00000|  0%| F|  |TAMS 0x0000000612a00000, 0x0000000612a00000| Untracked 
| 119|0x0000000612c00000, 0x0000000612c00000, 0x0000000612e00000|  0%| F|  |TAMS 0x0000000612c00000, 0x0000000612c00000| Untracked 
| 120|0x0000000612e00000, 0x0000000612e00000, 0x0000000613000000|  0%| F|  |TAMS 0x0000000612e00000, 0x0000000612e00000| Untracked 
| 121|0x0000000613000000, 0x0000000613000000, 0x0000000613200000|  0%| F|  |TAMS 0x0000000613000000, 0x0000000613000000| Untracked 
| 122|0x0000000613200000, 0x0000000613200000, 0x0000000613400000|  0%| F|  |TAMS 0x0000000613200000, 0x0000000613200000| Untracked 
| 123|0x0000000613400000, 0x0000000613400000, 0x0000000613600000|  0%| F|  |TAMS 0x0000000613400000, 0x0000000613400000| Untracked 
| 124|0x0000000613600000, 0x0000000613600000, 0x0000000613800000|  0%| F|  |TAMS 0x0000000613600000, 0x0000000613600000| Untracked 
| 125|0x0000000613800000, 0x0000000613800000, 0x0000000613a00000|  0%| F|  |TAMS 0x0000000613800000, 0x0000000613800000| Untracked 
| 126|0x0000000613a00000, 0x0000000613a00000, 0x0000000613c00000|  0%| F|  |TAMS 0x0000000613a00000, 0x0000000613a00000| Untracked 
| 127|0x0000000613c00000, 0x0000000613c00000, 0x0000000613e00000|  0%| F|  |TAMS 0x0000000613c00000, 0x0000000613c00000| Untracked 
| 128|0x0000000613e00000, 0x0000000613e00000, 0x0000000614000000|  0%| F|  |TAMS 0x0000000613e00000, 0x0000000613e00000| Untracked 
| 129|0x0000000614000000, 0x0000000614000000, 0x0000000614200000|  0%| F|  |TAMS 0x0000000614000000, 0x0000000614000000| Untracked 
| 130|0x0000000614200000, 0x0000000614200000, 0x0000000614400000|  0%| F|  |TAMS 0x0000000614200000, 0x0000000614200000| Untracked 
| 131|0x0000000614400000, 0x0000000614400000, 0x0000000614600000|  0%| F|  |TAMS 0x0000000614400000, 0x0000000614400000| Untracked 
| 132|0x0000000614600000, 0x0000000614600000, 0x0000000614800000|  0%| F|  |TAMS 0x0000000614600000, 0x0000000614600000| Untracked 
| 133|0x0000000614800000, 0x0000000614800000, 0x0000000614a00000|  0%| F|  |TAMS 0x0000000614800000, 0x0000000614800000| Untracked 
| 134|0x0000000614a00000, 0x0000000614b856a0, 0x0000000614c00000| 76%| S|CS|TAMS 0x0000000614a00000, 0x0000000614a00000| Complete 
| 135|0x0000000614c00000, 0x0000000614e00000, 0x0000000614e00000|100%| S|CS|TAMS 0x0000000614c00000, 0x0000000614c00000| Complete 
| 136|0x0000000614e00000, 0x0000000615000000, 0x0000000615000000|100%| S|CS|TAMS 0x0000000614e00000, 0x0000000614e00000| Complete 
| 137|0x0000000615000000, 0x0000000615200000, 0x0000000615200000|100%| S|CS|TAMS 0x0000000615000000, 0x0000000615000000| Complete 
| 138|0x0000000615200000, 0x0000000615400000, 0x0000000615400000|100%| S|CS|TAMS 0x0000000615200000, 0x0000000615200000| Complete 
| 139|0x0000000615400000, 0x0000000615600000, 0x0000000615600000|100%| S|CS|TAMS 0x0000000615400000, 0x0000000615400000| Complete 
| 140|0x0000000615600000, 0x0000000615800000, 0x0000000615800000|100%| S|CS|TAMS 0x0000000615600000, 0x0000000615600000| Complete 
| 141|0x0000000615800000, 0x0000000615a00000, 0x0000000615a00000|100%| S|CS|TAMS 0x0000000615800000, 0x0000000615800000| Complete 
| 142|0x0000000615a00000, 0x0000000615c00000, 0x0000000615c00000|100%| S|CS|TAMS 0x0000000615a00000, 0x0000000615a00000| Complete 
| 143|0x0000000615c00000, 0x0000000615e00000, 0x0000000615e00000|100%| S|CS|TAMS 0x0000000615c00000, 0x0000000615c00000| Complete 
| 144|0x0000000615e00000, 0x0000000616000000, 0x0000000616000000|100%| S|CS|TAMS 0x0000000615e00000, 0x0000000615e00000| Complete 
| 145|0x0000000616000000, 0x0000000616200000, 0x0000000616200000|100%| S|CS|TAMS 0x0000000616000000, 0x0000000616000000| Complete 
| 146|0x0000000616200000, 0x0000000616400000, 0x0000000616400000|100%| S|CS|TAMS 0x0000000616200000, 0x0000000616200000| Complete 
| 147|0x0000000616400000, 0x0000000616400000, 0x0000000616600000|  0%| F|  |TAMS 0x0000000616400000, 0x0000000616400000| Untracked 
| 148|0x0000000616600000, 0x0000000616600000, 0x0000000616800000|  0%| F|  |TAMS 0x0000000616600000, 0x0000000616600000| Untracked 
| 149|0x0000000616800000, 0x0000000616800000, 0x0000000616a00000|  0%| F|  |TAMS 0x0000000616800000, 0x0000000616800000| Untracked 
| 150|0x0000000616a00000, 0x0000000616a00000, 0x0000000616c00000|  0%| F|  |TAMS 0x0000000616a00000, 0x0000000616a00000| Untracked 
| 151|0x0000000616c00000, 0x0000000616c00000, 0x0000000616e00000|  0%| F|  |TAMS 0x0000000616c00000, 0x0000000616c00000| Untracked 
| 152|0x0000000616e00000, 0x0000000616e00000, 0x0000000617000000|  0%| F|  |TAMS 0x0000000616e00000, 0x0000000616e00000| Untracked 
| 153|0x0000000617000000, 0x0000000617000000, 0x0000000617200000|  0%| F|  |TAMS 0x0000000617000000, 0x0000000617000000| Untracked 
| 154|0x0000000617200000, 0x0000000617200000, 0x0000000617400000|  0%| F|  |TAMS 0x0000000617200000, 0x0000000617200000| Untracked 
| 155|0x0000000617400000, 0x0000000617400000, 0x0000000617600000|  0%| F|  |TAMS 0x0000000617400000, 0x0000000617400000| Untracked 
| 156|0x0000000617600000, 0x0000000617600000, 0x0000000617800000|  0%| F|  |TAMS 0x0000000617600000, 0x0000000617600000| Untracked 
| 157|0x0000000617800000, 0x00000006179370b8, 0x0000000617a00000| 60%| E|  |TAMS 0x0000000617800000, 0x0000000617800000| Complete 
| 158|0x0000000617a00000, 0x0000000617c00000, 0x0000000617c00000|100%| E|CS|TAMS 0x0000000617a00000, 0x0000000617a00000| Complete 
| 159|0x0000000617c00000, 0x0000000617e00000, 0x0000000617e00000|100%| E|CS|TAMS 0x0000000617c00000, 0x0000000617c00000| Complete 
| 160|0x0000000617e00000, 0x0000000618000000, 0x0000000618000000|100%| E|CS|TAMS 0x0000000617e00000, 0x0000000617e00000| Complete 
| 161|0x0000000618000000, 0x0000000618200000, 0x0000000618200000|100%| E|CS|TAMS 0x0000000618000000, 0x0000000618000000| Complete 
| 162|0x0000000618200000, 0x0000000618400000, 0x0000000618400000|100%| E|CS|TAMS 0x0000000618200000, 0x0000000618200000| Complete 
| 163|0x0000000618400000, 0x0000000618600000, 0x0000000618600000|100%| E|CS|TAMS 0x0000000618400000, 0x0000000618400000| Complete 
| 164|0x0000000618600000, 0x0000000618800000, 0x0000000618800000|100%| E|CS|TAMS 0x0000000618600000, 0x0000000618600000| Complete 
| 165|0x0000000618800000, 0x0000000618a00000, 0x0000000618a00000|100%| E|CS|TAMS 0x0000000618800000, 0x0000000618800000| Complete 
| 166|0x0000000618a00000, 0x0000000618c00000, 0x0000000618c00000|100%| E|CS|TAMS 0x0000000618a00000, 0x0000000618a00000| Complete 
| 167|0x0000000618c00000, 0x0000000618e00000, 0x0000000618e00000|100%| E|CS|TAMS 0x0000000618c00000, 0x0000000618c00000| Complete 
| 168|0x0000000618e00000, 0x0000000619000000, 0x0000000619000000|100%| E|CS|TAMS 0x0000000618e00000, 0x0000000618e00000| Complete 
| 169|0x0000000619000000, 0x0000000619200000, 0x0000000619200000|100%| E|CS|TAMS 0x0000000619000000, 0x0000000619000000| Complete 
| 170|0x0000000619200000, 0x0000000619400000, 0x0000000619400000|100%| E|CS|TAMS 0x0000000619200000, 0x0000000619200000| Complete 
| 171|0x0000000619400000, 0x0000000619600000, 0x0000000619600000|100%| E|CS|TAMS 0x0000000619400000, 0x0000000619400000| Complete 
| 172|0x0000000619600000, 0x0000000619800000, 0x0000000619800000|100%| E|CS|TAMS 0x0000000619600000, 0x0000000619600000| Complete 
| 173|0x0000000619800000, 0x0000000619a00000, 0x0000000619a00000|100%| E|CS|TAMS 0x0000000619800000, 0x0000000619800000| Complete 
| 174|0x0000000619a00000, 0x0000000619c00000, 0x0000000619c00000|100%| E|CS|TAMS 0x0000000619a00000, 0x0000000619a00000| Complete 
| 175|0x0000000619c00000, 0x0000000619e00000, 0x0000000619e00000|100%| E|CS|TAMS 0x0000000619c00000, 0x0000000619c00000| Complete 
| 176|0x0000000619e00000, 0x000000061a000000, 0x000000061a000000|100%| E|CS|TAMS 0x0000000619e00000, 0x0000000619e00000| Complete 
| 177|0x000000061a000000, 0x000000061a200000, 0x000000061a200000|100%| E|CS|TAMS 0x000000061a000000, 0x000000061a000000| Complete 
| 178|0x000000061a200000, 0x000000061a400000, 0x000000061a400000|100%| E|CS|TAMS 0x000000061a200000, 0x000000061a200000| Complete 
| 179|0x000000061a400000, 0x000000061a600000, 0x000000061a600000|100%| E|CS|TAMS 0x000000061a400000, 0x000000061a400000| Complete 
| 180|0x000000061a600000, 0x000000061a800000, 0x000000061a800000|100%| E|CS|TAMS 0x000000061a600000, 0x000000061a600000| Complete 
| 181|0x000000061a800000, 0x000000061aa00000, 0x000000061aa00000|100%| E|CS|TAMS 0x000000061a800000, 0x000000061a800000| Complete 
| 182|0x000000061aa00000, 0x000000061ac00000, 0x000000061ac00000|100%| E|CS|TAMS 0x000000061aa00000, 0x000000061aa00000| Complete 
| 183|0x000000061ac00000, 0x000000061ae00000, 0x000000061ae00000|100%| E|CS|TAMS 0x000000061ac00000, 0x000000061ac00000| Complete 
| 184|0x000000061ae00000, 0x000000061b000000, 0x000000061b000000|100%| E|CS|TAMS 0x000000061ae00000, 0x000000061ae00000| Complete 
| 185|0x000000061b000000, 0x000000061b200000, 0x000000061b200000|100%| E|CS|TAMS 0x000000061b000000, 0x000000061b000000| Complete 
| 186|0x000000061b200000, 0x000000061b400000, 0x000000061b400000|100%| E|CS|TAMS 0x000000061b200000, 0x000000061b200000| Complete 
| 187|0x000000061b400000, 0x000000061b600000, 0x000000061b600000|100%| E|CS|TAMS 0x000000061b400000, 0x000000061b400000| Complete 
| 188|0x000000061b600000, 0x000000061b800000, 0x000000061b800000|100%| E|CS|TAMS 0x000000061b600000, 0x000000061b600000| Complete 
| 189|0x000000061b800000, 0x000000061ba00000, 0x000000061ba00000|100%| E|CS|TAMS 0x000000061b800000, 0x000000061b800000| Complete 
| 190|0x000000061ba00000, 0x000000061bc00000, 0x000000061bc00000|100%| E|CS|TAMS 0x000000061ba00000, 0x000000061ba00000| Complete 
| 191|0x000000061bc00000, 0x000000061be00000, 0x000000061be00000|100%| E|CS|TAMS 0x000000061bc00000, 0x000000061bc00000| Complete 
| 192|0x000000061be00000, 0x000000061c000000, 0x000000061c000000|100%| E|  |TAMS 0x000000061be00000, 0x000000061be00000| Complete 
| 193|0x000000061c000000, 0x000000061c200000, 0x000000061c200000|100%| E|CS|TAMS 0x000000061c000000, 0x000000061c000000| Complete 
| 194|0x000000061c200000, 0x000000061c400000, 0x000000061c400000|100%| E|CS|TAMS 0x000000061c200000, 0x000000061c200000| Complete 
| 195|0x000000061c400000, 0x000000061c600000, 0x000000061c600000|100%| E|CS|TAMS 0x000000061c400000, 0x000000061c400000| Complete 
| 196|0x000000061c600000, 0x000000061c800000, 0x000000061c800000|100%| E|CS|TAMS 0x000000061c600000, 0x000000061c600000| Complete 
| 197|0x000000061c800000, 0x000000061ca00000, 0x000000061ca00000|100%| E|CS|TAMS 0x000000061c800000, 0x000000061c800000| Complete 
| 198|0x000000061ca00000, 0x000000061cc00000, 0x000000061cc00000|100%| E|CS|TAMS 0x000000061ca00000, 0x000000061ca00000| Complete 
| 199|0x000000061cc00000, 0x000000061ce00000, 0x000000061ce00000|100%| E|CS|TAMS 0x000000061cc00000, 0x000000061cc00000| Complete 
| 200|0x000000061ce00000, 0x000000061d000000, 0x000000061d000000|100%| E|CS|TAMS 0x000000061ce00000, 0x000000061ce00000| Complete 
| 201|0x000000061d000000, 0x000000061d200000, 0x000000061d200000|100%| E|CS|TAMS 0x000000061d000000, 0x000000061d000000| Complete 
| 202|0x000000061d200000, 0x000000061d400000, 0x000000061d400000|100%| E|CS|TAMS 0x000000061d200000, 0x000000061d200000| Complete 
| 203|0x000000061d400000, 0x000000061d600000, 0x000000061d600000|100%| E|CS|TAMS 0x000000061d400000, 0x000000061d400000| Complete 
| 204|0x000000061d600000, 0x000000061d800000, 0x000000061d800000|100%| E|CS|TAMS 0x000000061d600000, 0x000000061d600000| Complete 
| 205|0x000000061d800000, 0x000000061da00000, 0x000000061da00000|100%| E|CS|TAMS 0x000000061d800000, 0x000000061d800000| Complete 
| 206|0x000000061da00000, 0x000000061dc00000, 0x000000061dc00000|100%| E|CS|TAMS 0x000000061da00000, 0x000000061da00000| Complete 
| 207|0x000000061dc00000, 0x000000061de00000, 0x000000061de00000|100%| E|CS|TAMS 0x000000061dc00000, 0x000000061dc00000| Complete 
| 208|0x000000061de00000, 0x000000061e000000, 0x000000061e000000|100%| E|CS|TAMS 0x000000061de00000, 0x000000061de00000| Complete 
| 209|0x000000061e000000, 0x000000061e200000, 0x000000061e200000|100%| E|CS|TAMS 0x000000061e000000, 0x000000061e000000| Complete 
| 210|0x000000061e200000, 0x000000061e400000, 0x000000061e400000|100%| E|CS|TAMS 0x000000061e200000, 0x000000061e200000| Complete 
| 211|0x000000061e400000, 0x000000061e600000, 0x000000061e600000|100%| E|CS|TAMS 0x000000061e400000, 0x000000061e400000| Complete 
| 212|0x000000061e600000, 0x000000061e800000, 0x000000061e800000|100%| E|CS|TAMS 0x000000061e600000, 0x000000061e600000| Complete 
| 213|0x000000061e800000, 0x000000061ea00000, 0x000000061ea00000|100%| E|CS|TAMS 0x000000061e800000, 0x000000061e800000| Complete 
| 214|0x000000061ea00000, 0x000000061ec00000, 0x000000061ec00000|100%| E|CS|TAMS 0x000000061ea00000, 0x000000061ea00000| Complete 
| 215|0x000000061ec00000, 0x000000061ee00000, 0x000000061ee00000|100%| E|CS|TAMS 0x000000061ec00000, 0x000000061ec00000| Complete 
| 216|0x000000061ee00000, 0x000000061f000000, 0x000000061f000000|100%| E|CS|TAMS 0x000000061ee00000, 0x000000061ee00000| Complete 
| 217|0x000000061f000000, 0x000000061f200000, 0x000000061f200000|100%| E|CS|TAMS 0x000000061f000000, 0x000000061f000000| Complete 
| 218|0x000000061f200000, 0x000000061f400000, 0x000000061f400000|100%| E|CS|TAMS 0x000000061f200000, 0x000000061f200000| Complete 
| 219|0x000000061f400000, 0x000000061f600000, 0x000000061f600000|100%| E|CS|TAMS 0x000000061f400000, 0x000000061f400000| Complete 
| 220|0x000000061f600000, 0x000000061f800000, 0x000000061f800000|100%| E|CS|TAMS 0x000000061f600000, 0x000000061f600000| Complete 
| 221|0x000000061f800000, 0x000000061fa00000, 0x000000061fa00000|100%| E|CS|TAMS 0x000000061f800000, 0x000000061f800000| Complete 
| 222|0x000000061fa00000, 0x000000061fc00000, 0x000000061fc00000|100%| E|CS|TAMS 0x000000061fa00000, 0x000000061fa00000| Complete 
| 223|0x000000061fc00000, 0x000000061fe00000, 0x000000061fe00000|100%| E|CS|TAMS 0x000000061fc00000, 0x000000061fc00000| Complete 
| 224|0x000000061fe00000, 0x0000000620000000, 0x0000000620000000|100%| E|CS|TAMS 0x000000061fe00000, 0x000000061fe00000| Complete 
| 225|0x0000000620000000, 0x0000000620200000, 0x0000000620200000|100%| E|CS|TAMS 0x0000000620000000, 0x0000000620000000| Complete 
| 226|0x0000000620200000, 0x0000000620400000, 0x0000000620400000|100%| E|CS|TAMS 0x0000000620200000, 0x0000000620200000| Complete 
| 227|0x0000000620400000, 0x0000000620600000, 0x0000000620600000|100%| E|CS|TAMS 0x0000000620400000, 0x0000000620400000| Complete 
| 228|0x0000000620600000, 0x0000000620800000, 0x0000000620800000|100%| E|CS|TAMS 0x0000000620600000, 0x0000000620600000| Complete 
| 229|0x0000000620800000, 0x0000000620a00000, 0x0000000620a00000|100%| E|CS|TAMS 0x0000000620800000, 0x0000000620800000| Complete 
| 230|0x0000000620a00000, 0x0000000620c00000, 0x0000000620c00000|100%| E|CS|TAMS 0x0000000620a00000, 0x0000000620a00000| Complete 
| 231|0x0000000620c00000, 0x0000000620e00000, 0x0000000620e00000|100%| E|CS|TAMS 0x0000000620c00000, 0x0000000620c00000| Complete 
| 232|0x0000000620e00000, 0x0000000621000000, 0x0000000621000000|100%| E|CS|TAMS 0x0000000620e00000, 0x0000000620e00000| Complete 
| 233|0x0000000621000000, 0x0000000621200000, 0x0000000621200000|100%| E|CS|TAMS 0x0000000621000000, 0x0000000621000000| Complete 
| 234|0x0000000621200000, 0x0000000621400000, 0x0000000621400000|100%| E|CS|TAMS 0x0000000621200000, 0x0000000621200000| Complete 
| 235|0x0000000621400000, 0x0000000621600000, 0x0000000621600000|100%| E|CS|TAMS 0x0000000621400000, 0x0000000621400000| Complete 
| 236|0x0000000621600000, 0x0000000621800000, 0x0000000621800000|100%| E|CS|TAMS 0x0000000621600000, 0x0000000621600000| Complete 
| 237|0x0000000621800000, 0x0000000621a00000, 0x0000000621a00000|100%| E|CS|TAMS 0x0000000621800000, 0x0000000621800000| Complete 
| 238|0x0000000621a00000, 0x0000000621c00000, 0x0000000621c00000|100%| E|CS|TAMS 0x0000000621a00000, 0x0000000621a00000| Complete 
| 239|0x0000000621c00000, 0x0000000621e00000, 0x0000000621e00000|100%| E|CS|TAMS 0x0000000621c00000, 0x0000000621c00000| Complete 
| 240|0x0000000621e00000, 0x0000000622000000, 0x0000000622000000|100%| E|CS|TAMS 0x0000000621e00000, 0x0000000621e00000| Complete 
| 241|0x0000000622000000, 0x0000000622200000, 0x0000000622200000|100%| E|CS|TAMS 0x0000000622000000, 0x0000000622000000| Complete 
| 242|0x0000000622200000, 0x0000000622400000, 0x0000000622400000|100%| E|CS|TAMS 0x0000000622200000, 0x0000000622200000| Complete 
| 243|0x0000000622400000, 0x0000000622600000, 0x0000000622600000|100%| E|CS|TAMS 0x0000000622400000, 0x0000000622400000| Complete 
| 244|0x0000000622600000, 0x0000000622800000, 0x0000000622800000|100%| E|CS|TAMS 0x0000000622600000, 0x0000000622600000| Complete 
| 245|0x0000000622800000, 0x0000000622a00000, 0x0000000622a00000|100%| E|CS|TAMS 0x0000000622800000, 0x0000000622800000| Complete 
| 246|0x0000000622a00000, 0x0000000622c00000, 0x0000000622c00000|100%| E|CS|TAMS 0x0000000622a00000, 0x0000000622a00000| Complete 
| 247|0x0000000622c00000, 0x0000000622e00000, 0x0000000622e00000|100%| E|CS|TAMS 0x0000000622c00000, 0x0000000622c00000| Complete 
| 248|0x0000000622e00000, 0x0000000623000000, 0x0000000623000000|100%| E|CS|TAMS 0x0000000622e00000, 0x0000000622e00000| Complete 
| 249|0x0000000623000000, 0x0000000623200000, 0x0000000623200000|100%| E|CS|TAMS 0x0000000623000000, 0x0000000623000000| Complete 
| 250|0x0000000623200000, 0x0000000623400000, 0x0000000623400000|100%| E|CS|TAMS 0x0000000623200000, 0x0000000623200000| Complete 
| 251|0x0000000623400000, 0x0000000623600000, 0x0000000623600000|100%| E|CS|TAMS 0x0000000623400000, 0x0000000623400000| Complete 
| 252|0x0000000623600000, 0x0000000623800000, 0x0000000623800000|100%| E|CS|TAMS 0x0000000623600000, 0x0000000623600000| Complete 
| 253|0x0000000623800000, 0x0000000623a00000, 0x0000000623a00000|100%| E|CS|TAMS 0x0000000623800000, 0x0000000623800000| Complete 
| 254|0x0000000623a00000, 0x0000000623c00000, 0x0000000623c00000|100%| E|CS|TAMS 0x0000000623a00000, 0x0000000623a00000| Complete 

Card table byte_map: [0x0000025ed7010000,0x0000025ed8000000] _byte_map_base: 0x0000025ed3ff1000

Marking Bits (Prev, Next): (CMBitMap*) 0x0000025ebe6c1e98, (CMBitMap*) 0x0000025ebe6c1ed0
 Prev Bits: [0x0000025ed8ff0000, 0x0000025ee0ef8000)
 Next Bits: [0x0000025ee0f00000, 0x0000025ee8e08000)

Polling page: 0x0000025ebdcd0000

Metaspace:

Usage:
  Non-class:     51.28 MB capacity,    50.28 MB ( 98%) used,   788.78 KB (  2%) free+waste,   226.50 KB ( <1%) overhead. 
      Class:      7.44 MB capacity,     6.72 MB ( 90%) used,   636.73 KB (  8%) free+waste,   108.75 KB (  1%) overhead. 
       Both:     58.72 MB capacity,    57.00 MB ( 97%) used,     1.39 MB (  2%) free+waste,   335.25 KB ( <1%) overhead. 

Virtual space:
  Non-class space:       52.00 MB reserved,      51.33 MB ( 99%) committed 
      Class space:        1.00 GB reserved,       7.50 MB ( <1%) committed 
             Both:        1.05 GB reserved,      58.83 MB (  5%) committed 

Chunk freelists:
   Non-Class:  2.75 KB
       Class:  3.25 KB
        Both:  6.00 KB

CodeHeap 'non-profiled nmethods': size=120000Kb used=4243Kb max_used=4243Kb free=115756Kb
 bounds [0x0000025ece5a0000, 0x0000025ece9d0000, 0x0000025ed5ad0000]
CodeHeap 'profiled nmethods': size=120000Kb used=14157Kb max_used=14157Kb free=105842Kb
 bounds [0x0000025ec7070000, 0x0000025ec7e50000, 0x0000025ece5a0000]
CodeHeap 'non-nmethods': size=5760Kb used=1286Kb max_used=1360Kb free=4473Kb
 bounds [0x0000025ec6ad0000, 0x0000025ec6d40000, 0x0000025ec7070000]
 total_blobs=6103 nmethods=5554 adapters=468
 compilation: enabled
              stopped_count=0, restarted_count=0
 full_count=0

Compilation events (10 events):
Event: 90.904 Thread 0x0000025eec59a800 5647   !   3       java.io.StringReader::read (52 bytes)
Event: 90.904 Thread 0x0000025eec59a800 nmethod 5647 0x0000025ec7e41410 code [0x0000025ec7e41660, 0x0000025ec7e420a8]
Event: 90.904 Thread 0x0000025eec59a800 5648       3       java.util.Calendar::get (10 bytes)
Event: 90.904 Thread 0x0000025eec59a800 nmethod 5648 0x0000025ec7e42610 code [0x0000025ec7e427c0, 0x0000025ec7e42a28]
Event: 91.377 Thread 0x0000025eec59a800 5650       3       java.util.concurrent.TimeUnit::convert (77 bytes)
Event: 91.377 Thread 0x0000025eec59a800 nmethod 5650 0x0000025ec7e42b90 code [0x0000025ec7e42d80, 0x0000025ec7e430e8]
Event: 91.377 Thread 0x0000025eec59a800 5649       3       java.util.concurrent.ScheduledThreadPoolExecutor$ScheduledFutureTask::getDelay (16 bytes)
Event: 91.377 Thread 0x0000025eec59a800 nmethod 5649 0x0000025ec7e43310 code [0x0000025ec7e434c0, 0x0000025ec7e43648]
Event: 95.358 Thread 0x0000025eec58b000 5651       4       java.util.concurrent.locks.AbstractQueuedSynchronizer::compareAndSetState (10 bytes)
Event: 95.360 Thread 0x0000025eec58b000 nmethod 5651 0x0000025ece9c4a10 code [0x0000025ece9c4ba0, 0x0000025ece9c4c18]

GC Heap History (10 events):
Event: 0.690 GC heap before
{Heap before GC invocations=0 (full 0):
 garbage-first heap   total 522240K, used 24576K [0x0000000603e00000, 0x0000000800000000)
  region size 2048K, 12 young (24576K), 0 survivors (0K)
 Metaspace       used 10387K, capacity 10545K, committed 10880K, reserved 1058816K
  class space    used 972K, capacity 1027K, committed 1152K, reserved 1048576K
}
Event: 0.694 GC heap after
{Heap after GC invocations=1 (full 0):
 garbage-first heap   total 522240K, used 7668K [0x0000000603e00000, 0x0000000800000000)
  region size 2048K, 2 young (4096K), 2 survivors (4096K)
 Metaspace       used 10387K, capacity 10545K, committed 10880K, reserved 1058816K
  class space    used 972K, capacity 1027K, committed 1152K, reserved 1048576K
}
Event: 1.493 GC heap before
{Heap before GC invocations=1 (full 0):
 garbage-first heap   total 522240K, used 56820K [0x0000000603e00000, 0x0000000800000000)
  region size 2048K, 27 young (55296K), 2 survivors (4096K)
 Metaspace       used 20781K, capacity 21227K, committed 21296K, reserved 1069056K
  class space    used 2221K, capacity 2428K, committed 2432K, reserved 1048576K
}
Event: 1.500 GC heap after
{Heap after GC invocations=2 (full 0):
 garbage-first heap   total 522240K, used 10909K [0x0000000603e00000, 0x0000000800000000)
  region size 2048K, 4 young (8192K), 4 survivors (8192K)
 Metaspace       used 20781K, capacity 21227K, committed 21296K, reserved 1069056K
  class space    used 2221K, capacity 2428K, committed 2432K, reserved 1048576K
}
Event: 2.081 GC heap before
{Heap before GC invocations=3 (full 0):
 garbage-first heap   total 522240K, used 60061K [0x0000000603e00000, 0x0000000800000000)
  region size 2048K, 29 young (59392K), 4 survivors (8192K)
 Metaspace       used 26485K, capacity 27121K, committed 27312K, reserved 1073152K
  class space    used 2949K, capacity 3214K, committed 3328K, reserved 1048576K
}
Event: 2.087 GC heap after
{Heap after GC invocations=4 (full 0):
 garbage-first heap   total 522240K, used 12048K [0x0000000603e00000, 0x0000000800000000)
  region size 2048K, 3 young (6144K), 3 survivors (6144K)
 Metaspace       used 26485K, capacity 27121K, committed 27312K, reserved 1073152K
  class space    used 2949K, capacity 3214K, committed 3328K, reserved 1048576K
}
Event: 3.733 GC heap before
{Heap before GC invocations=4 (full 0):
 garbage-first heap   total 522240K, used 81680K [0x0000000603e00000, 0x0000000800000000)
  region size 2048K, 38 young (77824K), 3 survivors (6144K)
 Metaspace       used 34866K, capacity 35790K, committed 35888K, reserved 1081344K
  class space    used 4019K, capacity 4408K, committed 4480K, reserved 1048576K
}
Event: 3.740 GC heap after
{Heap after GC invocations=5 (full 0):
 garbage-first heap   total 522240K, used 15403K [0x0000000603e00000, 0x0000000800000000)
  region size 2048K, 4 young (8192K), 4 survivors (8192K)
 Metaspace       used 34866K, capacity 35790K, committed 35888K, reserved 1081344K
  class space    used 4019K, capacity 4408K, committed 4480K, reserved 1048576K
}
Event: 6.348 GC heap before
{Heap before GC invocations=6 (full 0):
 garbage-first heap   total 522240K, used 228395K [0x0000000603e00000, 0x0000000800000000)
  region size 2048K, 108 young (221184K), 4 survivors (8192K)
 Metaspace       used 54055K, capacity 55695K, committed 55984K, reserved 1097728K
  class space    used 6381K, capacity 7073K, committed 7168K, reserved 1048576K
}
Event: 6.368 GC heap after
{Heap after GC invocations=7 (full 0):
 garbage-first heap   total 522240K, used 33667K [0x0000000603e00000, 0x0000000800000000)
  region size 2048K, 13 young (26624K), 13 survivors (26624K)
 Metaspace       used 54055K, capacity 55695K, committed 55984K, reserved 1097728K
  class space    used 6381K, capacity 7073K, committed 7168K, reserved 1048576K
}

Deoptimization events (10 events):
Event: 6.382 Thread 0x0000025ef1d59000 Uncommon trap: reason=profile_predicate action=maybe_recompile pc=0x0000025ece8dfadc method=nonapi.io.github.classgraph.utils.FileUtils.sanitizeEntryPath(Ljava/lang/String;ZZ)Ljava/lang/String; @ 53 c2
Event: 6.514 Thread 0x0000025ef109f000 Uncommon trap: reason=unstable_if action=reinterpret pc=0x0000025ece7a9e44 method=java.util.Arrays.hashCode([Ljava/lang/Object;)I @ 34 c2
Event: 6.514 Thread 0x0000025ef109f000 Uncommon trap: reason=unstable_if action=reinterpret pc=0x0000025ece813bdc method=sun.nio.fs.WindowsPathParser.isSlash(C)Z @ 9 c2
Event: 6.514 Thread 0x0000025ef109f000 Uncommon trap: reason=unstable_if action=reinterpret pc=0x0000025ece5b9ddc method=sun.nio.fs.WindowsPathParser.isSlash(C)Z @ 9 c2
Event: 6.525 Thread 0x0000025ebe63e000 Uncommon trap: reason=bimorphic_or_optimized_type_check action=maybe_recompile pc=0x0000025ece7479ec method=java.util.Properties$LineReader.readLine()I @ 479 c2
Event: 6.686 Thread 0x0000025ebe63e000 Uncommon trap: reason=bimorphic_or_optimized_type_check action=maybe_recompile pc=0x0000025ece7479ec method=java.util.Properties$LineReader.readLine()I @ 479 c2
Event: 6.841 Thread 0x0000025ebe63e000 Uncommon trap: reason=bimorphic_or_optimized_type_check action=maybe_recompile pc=0x0000025ece7479ec method=java.util.Properties$LineReader.readLine()I @ 479 c2
Event: 7.050 Thread 0x0000025ebe63e000 Uncommon trap: reason=unstable_if action=reinterpret pc=0x0000025ece763f14 method=org.springframework.beans.factory.support.DefaultSingletonBeanRegistry.getSingleton(Ljava/lang/String;Z)Ljava/lang/Object; @ 39 c2
Event: 7.183 Thread 0x0000025ebe63e000 Uncommon trap: reason=null_check action=make_not_entrant pc=0x0000025ece70d168 method=org.springframework.beans.factory.support.DefaultListableBeanFactory.getBeanDefinition(Ljava/lang/String;)Lorg/springframework/beans/factory/config/BeanDefinition; @ 10 
Event: 7.203 Thread 0x0000025ebe63e000 Uncommon trap: reason=unstable_if action=reinterpret pc=0x0000025ece911248 method=java.lang.Class.searchMethods([Ljava/lang/reflect/Method;Ljava/lang/String;[Ljava/lang/Class;)Ljava/lang/reflect/Method; @ 54 c2

Classes redefined (0 events):
No events

Internal exceptions (10 events):
Event: 6.951 Thread 0x0000025ebe63e000 Exception <a 'java/lang/NoSuchMethodError'{0x0000000619ebb730}: java.lang.invoke.DirectMethodHandle$Holder.invokeVirtual(Ljava/lang/Object;Ljava/lang/Object;I)V> (0x0000000619ebb730) thrown at [./open/src/hotspot/share/interpreter/linkResolver.cpp, line 7
Event: 6.953 Thread 0x0000025ebe63e000 Exception <a 'java/lang/NoSuchMethodError'{0x0000000619ed5520}: java.lang.invoke.DirectMethodHandle$Holder.invokeVirtual(Ljava/lang/Object;Ljava/lang/Object;J)V> (0x0000000619ed5520) thrown at [./open/src/hotspot/share/interpreter/linkResolver.cpp, line 7
Event: 7.183 Thread 0x0000025ebe63e000 Implicit null exception at 0x0000025ece70cc33 to 0x0000025ece70d159
Event: 7.224 Thread 0x0000025ebe63e000 Exception <a 'java/lang/ClassNotFoundException'{0x00000006191e0858}: java/lang/ObjectCustomizer> (0x00000006191e0858) thrown at [./open/src/hotspot/share/classfile/systemDictionary.cpp, line 228]
Event: 7.226 Thread 0x0000025ebe63e000 Exception <a 'java/lang/ClassNotFoundException'{0x00000006191f5980}: com/autotov/policy/DriverPolicyCustomizer> (0x00000006191f5980) thrown at [./open/src/hotspot/share/classfile/systemDictionary.cpp, line 228]
Event: 7.237 Thread 0x0000025ebe63e000 Exception <a 'java/lang/ClassNotFoundException'{0x0000000618eac1a8}: java/lang/ObjectCustomizer> (0x0000000618eac1a8) thrown at [./open/src/hotspot/share/classfile/systemDictionary.cpp, line 228]
Event: 7.238 Thread 0x0000025ebe63e000 Exception <a 'java/lang/ClassNotFoundException'{0x0000000618ec0ff0}: com/autotov/policy/CarPolicyCustomizer> (0x0000000618ec0ff0) thrown at [./open/src/hotspot/share/classfile/systemDictionary.cpp, line 228]
Event: 7.359 Thread 0x0000025ebe63e000 Exception <a 'java/lang/NoSuchMethodError'{0x0000000618507248}: java.lang.invoke.DirectMethodHandle$Holder.invokeSpecial(Ljava/lang/Object;Ljava/lang/Object;ILjava/lang/Object;ILjava/lang/Object;)Ljava/lang/Object;> (0x0000000618507248) thrown at [./open/
Event: 7.359 Thread 0x0000025ebe63e000 Exception <a 'java/lang/NoSuchMethodError'{0x000000061850e728}: java.lang.invoke.DirectMethodHandle$Holder.invokeStatic(Ljava/lang/Object;Ljava/lang/Object;ILjava/lang/Object;I)Ljava/lang/Object;> (0x000000061850e728) thrown at [./open/src/hotspot/share/i
Event: 7.359 Thread 0x0000025ebe63e000 Exception <a 'java/lang/NoSuchMethodError'{0x0000000618511f00}: java.lang.invoke.DirectMethodHandle$Holder.invokeSpecial(Ljava/lang/Object;Ljava/lang/Object;Ljava/lang/Object;ILjava/lang/Object;I)Ljava/lang/Object;> (0x0000000618511f00) thrown at [./open/

Events (10 events):
Event: 27.761 Executing VM operation: RevokeBias
Event: 27.762 Executing VM operation: RevokeBias done
Event: 28.697 Thread 0x0000025eef550000 Thread exited: 0x0000025eef550000
Event: 38.324 Executing VM operation: RevokeBias
Event: 38.324 Executing VM operation: RevokeBias done
Event: 38.326 Executing VM operation: RevokeBias
Event: 38.326 Executing VM operation: RevokeBias done
Event: 38.326 Executing VM operation: RevokeBias
Event: 38.326 Executing VM operation: RevokeBias done
Event: 96.426 Executing VM operation: ChangeBreakpoints


Dynamic libraries:
0x00007ff66d2b0000 - 0x00007ff66d2bf000 	C:\Program Files\Java\jdk-11.0.11\bin\java.exe
0x00007ffce3d70000 - 0x00007ffce3f68000 	C:\WINDOWS\SYSTEM32\ntdll.dll
0x00007ffce3c70000 - 0x00007ffce3d2f000 	C:\WINDOWS\System32\KERNEL32.DLL
0x00007ffce1990000 - 0x00007ffce1c62000 	C:\WINDOWS\System32\KERNELBASE.dll
0x00007ffce1510000 - 0x00007ffce1610000 	C:\WINDOWS\System32\ucrtbase.dll
0x00007ffcc32f0000 - 0x00007ffcc3308000 	C:\Program Files\Java\jdk-11.0.11\bin\jli.dll
0x00007ffcdcb80000 - 0x00007ffcdcb95000 	C:\Program Files\Java\jdk-11.0.11\bin\VCRUNTIME140.dll
0x00007ffce2c20000 - 0x00007ffce2cce000 	C:\WINDOWS\System32\ADVAPI32.dll
0x00007ffce2b80000 - 0x00007ffce2c1e000 	C:\WINDOWS\System32\msvcrt.dll
0x00007ffce3170000 - 0x00007ffce320c000 	C:\WINDOWS\System32\sechost.dll
0x00007ffce3820000 - 0x00007ffce3945000 	C:\WINDOWS\System32\RPCRT4.dll
0x00007ffce3980000 - 0x00007ffce3b21000 	C:\WINDOWS\System32\USER32.dll
0x00007ffce1d30000 - 0x00007ffce1d52000 	C:\WINDOWS\System32\win32u.dll
0x00007ffcc5df0000 - 0x00007ffcc608a000 	C:\WINDOWS\WinSxS\amd64_microsoft.windows.common-controls_6595b64144ccf1df_6.0.19041.1110_none_60b5254171f9507e\COMCTL32.dll
0x00007ffce3140000 - 0x00007ffce316b000 	C:\WINDOWS\System32\GDI32.dll
0x00007ffce17e0000 - 0x00007ffce18ef000 	C:\WINDOWS\System32\gdi32full.dll
0x00007ffce18f0000 - 0x00007ffce198d000 	C:\WINDOWS\System32\msvcp_win.dll
0x00007ffcd7250000 - 0x00007ffcd725a000 	C:\WINDOWS\SYSTEM32\VERSION.dll
0x00007ffce29a0000 - 0x00007ffce29d2000 	C:\WINDOWS\System32\IMM32.DLL
0x0000025ebdcf0000 - 0x0000025ebdd04000 	C:\WINDOWS\System32\umppc16410.dll
0x00007ffce0050000 - 0x00007ffce0154000 	C:\Program Files\Avecto\Privilege Guard Client\PGHook.dll
0x00007ffca45e0000 - 0x00007ffca467b000 	C:\Program Files\Java\jdk-11.0.11\bin\msvcp140.dll
0x00007ffc6cec0000 - 0x00007ffc6d9be000 	C:\Program Files\Java\jdk-11.0.11\bin\server\jvm.dll
0x00007ffce3970000 - 0x00007ffce3978000 	C:\WINDOWS\System32\PSAPI.DLL
0x00007ffcdc950000 - 0x00007ffcdc959000 	C:\WINDOWS\SYSTEM32\WSOCK32.dll
0x00007ffce2b10000 - 0x00007ffce2b7b000 	C:\WINDOWS\System32\WS2_32.dll
0x00007ffcc8a10000 - 0x00007ffcc8a37000 	C:\WINDOWS\SYSTEM32\WINMM.dll
0x00007ffcdfb50000 - 0x00007ffcdfb62000 	C:\WINDOWS\SYSTEM32\kernel.appcore.dll
0x00007ffcdcbc0000 - 0x00007ffcdcbd0000 	C:\Program Files\Java\jdk-11.0.11\bin\verify.dll
0x00007ffcdf150000 - 0x00007ffcdf334000 	C:\WINDOWS\SYSTEM32\DBGHELP.DLL
0x00007ffcc9100000 - 0x00007ffcc9135000 	C:\WINDOWS\SYSTEM32\dbgcore.DLL
0x00007ffce1c70000 - 0x00007ffce1cf2000 	C:\WINDOWS\System32\bcryptPrimitives.dll
0x00007ffcc32c0000 - 0x00007ffcc32e8000 	C:\Program Files\Java\jdk-11.0.11\bin\java.dll
0x00007ffcdcb70000 - 0x00007ffcdcb7a000 	C:\Program Files\Java\jdk-11.0.11\bin\jimage.dll
0x00007ffca4700000 - 0x00007ffca4738000 	C:\Program Files\Java\jdk-11.0.11\bin\jdwp.dll
0x00007ffcc45e0000 - 0x00007ffcc45ee000 	C:\Program Files\Java\jdk-11.0.11\bin\instrument.dll
0x00007ffcae5a0000 - 0x00007ffcae5b6000 	C:\Program Files\Java\jdk-11.0.11\bin\zip.dll
0x00007ffce2120000 - 0x00007ffce2864000 	C:\WINDOWS\System32\SHELL32.dll
0x00007ffcdf3b0000 - 0x00007ffcdfb42000 	C:\WINDOWS\SYSTEM32\windows.storage.dll
0x00007ffce3310000 - 0x00007ffce3665000 	C:\WINDOWS\System32\combase.dll
0x00007ffce0ec0000 - 0x00007ffce0ef0000 	C:\WINDOWS\SYSTEM32\Wldp.dll
0x00007ffce1f50000 - 0x00007ffce1ffd000 	C:\WINDOWS\System32\SHCORE.dll
0x00007ffce3c10000 - 0x00007ffce3c65000 	C:\WINDOWS\System32\shlwapi.dll
0x00007ffce13a0000 - 0x00007ffce13bf000 	C:\WINDOWS\SYSTEM32\profapi.dll
0x00007ffcb8540000 - 0x00007ffcb854a000 	C:\Program Files\Java\jdk-11.0.11\bin\dt_socket.dll
0x00007ffce0c20000 - 0x00007ffce0c8a000 	C:\WINDOWS\system32\mswsock.dll
0x00007ffca9560000 - 0x00007ffca9579000 	C:\Program Files\Java\jdk-11.0.11\bin\net.dll
0x00007ffcdb810000 - 0x00007ffcdb91c000 	C:\WINDOWS\SYSTEM32\WINHTTP.dll
0x00007ffca9520000 - 0x00007ffca9532000 	C:\Program Files\Java\jdk-11.0.11\bin\nio.dll
0x00007ffcc32b0000 - 0x00007ffcc32b9000 	C:\Program Files\Java\jdk-11.0.11\bin\management.dll
0x00007ffcb85d0000 - 0x00007ffcb85db000 	C:\Program Files\Java\jdk-11.0.11\bin\management_ext.dll
0x00007ffcb5d30000 - 0x00007ffcb5d47000 	C:\WINDOWS\system32\napinsp.dll
0x00007ffcb4cf0000 - 0x00007ffcb4d0b000 	C:\WINDOWS\system32\pnrpnsp.dll
0x00007ffcdbe60000 - 0x00007ffcdbe75000 	C:\WINDOWS\system32\wshbth.dll
0x00007ffcdc910000 - 0x00007ffcdc92d000 	C:\WINDOWS\system32\NLAapi.dll
0x00007ffce08c0000 - 0x00007ffce08fb000 	C:\WINDOWS\SYSTEM32\IPHLPAPI.DLL
0x00007ffce0900000 - 0x00007ffce09ca000 	C:\WINDOWS\SYSTEM32\DNSAPI.dll
0x00007ffce3290000 - 0x00007ffce3298000 	C:\WINDOWS\System32\NSI.dll
0x00007ffcb4c40000 - 0x00007ffcb4c52000 	C:\WINDOWS\System32\winrnr.dll
0x00007ffcd8230000 - 0x00007ffcd823a000 	C:\Windows\System32\rasadhlp.dll
0x00007ffcda1a0000 - 0x00007ffcda220000 	C:\WINDOWS\System32\fwpuclnt.dll
0x00007ffce1d00000 - 0x00007ffce1d27000 	C:\WINDOWS\System32\bcrypt.dll
0x00007ffce0e10000 - 0x00007ffce0e28000 	C:\WINDOWS\SYSTEM32\CRYPTSP.dll
0x00007ffce04d0000 - 0x00007ffce0504000 	C:\WINDOWS\system32\rsaenh.dll
0x00007ffce1360000 - 0x00007ffce138e000 	C:\WINDOWS\SYSTEM32\USERENV.dll
0x00007ffce0e30000 - 0x00007ffce0e3c000 	C:\WINDOWS\SYSTEM32\CRYPTBASE.dll
0x00007ffcd9ef0000 - 0x00007ffcd9f07000 	C:\WINDOWS\SYSTEM32\dhcpcsvc6.DLL
0x00007ffcd98d0000 - 0x00007ffcd98ed000 	C:\WINDOWS\SYSTEM32\dhcpcsvc.DLL
0x00007ffcb6300000 - 0x00007ffcb630d000 	C:\Program Files\Java\jdk-11.0.11\bin\sunmscapi.dll
0x00007ffce1680000 - 0x00007ffce17d6000 	C:\WINDOWS\System32\CRYPT32.dll
0x00007ffce0f30000 - 0x00007ffce0f57000 	C:\WINDOWS\SYSTEM32\ncrypt.dll
0x00007ffce0ef0000 - 0x00007ffce0f2b000 	C:\WINDOWS\SYSTEM32\NTASN1.dll
0x00007ffca4850000 - 0x00007ffca4875000 	C:\Program Files\Java\jdk-11.0.11\bin\sunec.dll

dbghelp: loaded successfully - version: 4.0.5 - missing functions: none
symbol engine: initialized successfully - sym options: 0x614 - pdb path: .;C:\Program Files\Java\jdk-11.0.11\bin;C:\WINDOWS\SYSTEM32;C:\WINDOWS\WinSxS\amd64_microsoft.windows.common-controls_6595b64144ccf1df_6.0.19041.1110_none_60b5254171f9507e;C:\Program Files\Avecto\Privilege Guard Client;C:\Program Files\Java\jdk-11.0.11\bin\server

VM Arguments:
jvm_args: -agentlib:jdwp=transport=dt_socket,address=127.0.0.1:56665,suspend=y,server=n -javaagent:C:\DevTools\ideaIC-2021.1.1.win\plugins\java\lib\rt\debugger-agent.jar -Dfile.encoding=UTF-8 
java_command: com.autotov.AutotovApplication
java_class_path (initial): C:\MY\MYCAR\autotov\target\classes;C:\Users\hyaakov\.m2\repository\org\springframework\boot\spring-boot-starter-security\2.7.3\spring-boot-starter-security-2.7.3.jar;C:\Users\hyaakov\.m2\repository\org\springframework\boot\spring-boot-starter\2.7.3\spring-boot-starter-2.7.3.jar;C:\Users\hyaakov\.m2\repository\org\springframework\boot\spring-boot\2.7.3\spring-boot-2.7.3.jar;C:\Users\hyaakov\.m2\repository\org\springframework\boot\spring-boot-autoconfigure\2.7.3\spring-boot-autoconfigure-2.7.3.jar;C:\Users\hyaakov\.m2\repository\org\springframework\boot\spring-boot-starter-logging\2.7.3\spring-boot-starter-logging-2.7.3.jar;C:\Users\hyaakov\.m2\repository\ch\qos\logback\logback-classic\1.2.11\logback-classic-1.2.11.jar;C:\Users\hyaakov\.m2\repository\ch\qos\logback\logback-core\1.2.11\logback-core-1.2.11.jar;C:\Users\hyaakov\.m2\repository\org\apache\logging\log4j\log4j-to-slf4j\2.17.2\log4j-to-slf4j-2.17.2.jar;C:\Users\hyaakov\.m2\repository\org\slf4j\jul-to-slf4j\1.7.36\jul-to-slf4j-1.7.36.jar;C:\Users\hyaakov\.m2\repository\jakarta\annotation\jakarta.annotation-api\1.3.5\jakarta.annotation-api-1.3.5.jar;C:\Users\hyaakov\.m2\repository\org\yaml\snakeyaml\1.30\snakeyaml-1.30.jar;C:\Users\hyaakov\.m2\repository\org\springframework\spring-aop\5.3.22\spring-aop-5.3.22.jar;C:\Users\hyaakov\.m2\repository\org\springframework\spring-beans\5.3.22\spring-beans-5.3.22.jar;C:\Users\hyaakov\.m2\repository\org\springframework\security\spring-security-config\5.7.3\spring-security-config-5.7.3.jar;C:\Users\hyaakov\.m2\repository\org\springframework\security\spring-security-web\5.7.3\spring-security-web-5.7.3.jar;C:\Users\hyaakov\.m2\repository\org\springframework\spring-expression\5.3.22\spring-expression-5.3.22.jar;C:\Users\hyaakov\.m2\repository\org\springframework\boot\spring-boot-starter-web\2.7.3\spring-boot-starter-web-2.7.3.jar;C:\Users\hyaakov\.m2\repository\org\springframework\boot\spring-boot-starter-json\2.7.3\spring-boot-starter-json-2.7.3.
Launcher Type: SUN_STANDARD

[Global flags]
     intx CICompilerCount                          = 4                                         {product} {ergonomic}
     uint ConcGCThreads                            = 3                                         {product} {ergonomic}
     uint G1ConcRefinementThreads                  = 10                                        {product} {ergonomic}
   size_t G1HeapRegionSize                         = 2097152                                   {product} {ergonomic}
    uintx GCDrainStackTargetSize                   = 64                                        {product} {ergonomic}
   size_t InitialHeapSize                          = 534773760                                 {product} {ergonomic}
   size_t MarkStackSize                            = 4194304                                   {product} {ergonomic}
   size_t MaxHeapSize                              = 8524922880                                {product} {ergonomic}
   size_t MaxNewSize                               = 5114953728                                {product} {ergonomic}
   size_t MinHeapDeltaBytes                        = 2097152                                   {product} {ergonomic}
    uintx NonNMethodCodeHeapSize                   = 5836300                                {pd product} {ergonomic}
    uintx NonProfiledCodeHeapSize                  = 122910970                              {pd product} {ergonomic}
    uintx ProfiledCodeHeapSize                     = 122910970                              {pd product} {ergonomic}
    uintx ReservedCodeCacheSize                    = 251658240                              {pd product} {ergonomic}
     bool SegmentedCodeCache                       = true                                      {product} {ergonomic}
     bool UseCompressedClassPointers               = true                                 {lp64_product} {ergonomic}
     bool UseCompressedOops                        = true                                 {lp64_product} {ergonomic}
     bool UseG1GC                                  = true                                      {product} {ergonomic}
     bool UseLargePagesIndividualAllocation        = false                                  {pd product} {ergonomic}

Logging:
Log output configuration:
 #0: stdout all=warning uptime,level,tags
 #1: stderr all=off uptime,level,tags

Environment Variables:
JAVA_HOME=C:\Program Files\Java\jdk1.8.0_291
PATH=C:\Program Files (x86)\Common Files\Oracle\Java\javapath;C:\WINDOWS\system32;C:\WINDOWS;C:\WINDOWS\System32\Wbem;C:\WINDOWS\System32\WindowsPowerShell\v1.0\;C:\WINDOWS\System32\OpenSSH\;C:\Program Files (x86)\Cisco\Cisco AnyConnect Secure Mobility Client\;C:\Program Files\Git\cmd;C:\DevTools\apache-maven-3.8.1\bin;C:\Program Files\OpenSSL-Win64\bin;C:\Program Files\nodejs\;C:\Program Files\Docker\Docker\resources\bin;C:\Users\hyaakov\AppData\Local\Microsoft\WindowsApps;C:\Users\hyaakov\AppData\Local\GitHubDesktop\bin;C:\Users\hyaakov\AppData\Local\Programs\Microsoft VS Code\bin;C:\Users\hyaakov\AppData\Roaming\npm
USERNAME=HYAAKOV
OS=Windows_NT
PROCESSOR_IDENTIFIER=Intel64 Family 6 Model 165 Stepping 2, GenuineIntel



---------------  S Y S T E M  ---------------

OS: Windows 10 , 64 bit Build 19041 (10.0.19041.2364)

CPU:total 12 (initial active 12) (6 cores per cpu, 2 threads per core) family 6 model 165 stepping 2 microcode 0xec, cmov, cx8, fxsr, mmx, sse, sse2, sse3, ssse3, sse4.1, sse4.2, popcnt, avx, avx2, aes, clmul, erms, 3dnowpref, lzcnt, ht, tsc, tscinvbit, bmi1, bmi2, adx, fma

Memory: 4k page, system-wide physical 32513M (13636M free)
TotalPageFile size 63233M (AvailPageFile size 16696M)
current process WorkingSet (physical memory assigned to process): 400M, peak: 496M
current process commit charge ("private bytes"): 717M, peak: 813M

vm_info: Java HotSpot(TM) 64-Bit Server VM (11.0.11+9-LTS-194) for windows-amd64 JRE (11.0.11+9-LTS-194), built on Mar 18 2021 18:46:53 by "mach5one" with MS VC++ 15.9 (VS2017)

END.
